<?xml version="1.0" encoding="UTF-8"?>
<!-- Generated by org.testng.reporters.JUnitReportReporter -->
<testsuite skipped="0" hostname="HDC3-L-6K6R0X2" name="com.iNetBanking.TestCases.TC_LoginTest_001" tests="1" failures="0" timestamp="19 May 2021 17:49:45 GMT" time="1.632" errors="0">
  <testcase name="loginTest" time="1.632" classname="com.iNetBanking.TestCases.TC_LoginTest_001"/>
</testsuite> <!-- com.iNetBanking.TestCases.TC_LoginTest_001 -->
