<?xml version="1.0" encoding="UTF-8"?>
<!-- Generated by org.testng.reporters.JUnitReportReporter -->
<testsuite skipped="0" hostname="HDC3-L-6K6R0X2" name="com.iNetBanking.TestCases.TC_AddCustomerTest_003" tests="1" failures="0" timestamp="20 May 2021 17:42:29 GMT" time="9.287" errors="0">
  <testcase name="addNewCustomer" time="9.287" classname="com.iNetBanking.TestCases.TC_AddCustomerTest_003"/>
</testsuite> <!-- com.iNetBanking.TestCases.TC_AddCustomerTest_003 -->
